<?xml version="1.0" encoding="UTF-8"?>
<testsuites name="공지사항_추가, 조회, 수정, 삭제" time="168.018" tests="4" failures="0" errors="0">
   <testsuite name="공지사항_추가, 조회, 수정, 삭제" tests="4" failures="0" errors="0" time="168.018" skipped="0" timestamp="2022-08-17 11:43:19" hostname="bbros1 - bbros" id="Test Suites/공지사항_추가, 조회, 수정, 삭제">
      <properties>
         <property name="deviceName" value=""/>
         <property name="devicePlatform" value=""/>
         <property name="logFolder" value="C:\\Users\\bbros1\\Katalon Studio\\ddocdoc\\Reports\\20220817_114308\\\uACF5\uC9C0\uC0AC\uD56D_\uCD94\uAC00, \uC870\uD68C, \uC218\uC815, \uC0AD\uC81C\\20220817_114309"/>
         <property name="logFiles" value="C:\\Users\\bbros1\\Katalon Studio\\ddocdoc\\Reports\\20220817_114308\\\uACF5\uC9C0\uC0AC\uD56D_\uCD94\uAC00, \uC870\uD68C, \uC218\uC815, \uC0AD\uC81C\\20220817_114309\\execution0.log"/>
         <property name="attachments" value=""/>
         <property name="hostName" value="bbros1 - bbros"/>
         <property name="os" value="Windows 10 64bit"/>
         <property name="katalonVersion" value="8.4.0.208"/>
         <property name="browser" value="Chrome 104.0.5112.81"/>
         <property name="hostAddress" value="192.168.110.209"/>
         <property name="sessionId" value="7a8cd5f614cfa564061055681f3e9bda"/>
         <property name="seleniumVersion" value="3.141.59"/>
         <property name="proxyInformation" value="ProxyInformation { proxyOption=NO_PROXY, proxyServerType=HTTP, username=, password=********, proxyServerAddress=, proxyServerPort=0, executionList=&quot;&quot;, isApplyToDesiredCapabilities=true }"/>
         <property name="platform" value="Windows 10"/>
      </properties>
      <testcase name="Test Cases/병원 정보_병원 공지사항_등록" time="53.807" classname="Test Cases/병원 정보_병원 공지사항_등록" status="PASSED">
         <system-out><![CDATA[2022-08-17 11:43:19 - [TEST_CASE][PASSED] - Test Cases/병원 정보_병원 공지사항_등록: Test Cases/병원 정보_병원 공지사항_등록

2022-08-17 11:43:19 - [TEST_STEP][PASSED] - Start setup action : setupTestCase: Method 'setupTestCase' complete successfully

2022-08-17 11:43:20 - [MESSAGE][PASSED] - Method 'setupTestCase' complete successfully

2022-08-17 11:43:20 - [TEST_STEP][PASSED] - openBrowser(URL): Browser is opened with url: 'https://hospital.ddocdoc.com/signin'

2022-08-17 11:43:20 - [MESSAGE][INFO] - Starting 'Chrome' driver

2022-08-17 11:43:20 - [MESSAGE][INFO] - Action delay is set to 500 milliseconds

2022-08-17 11:43:45 - [MESSAGE][PASSED] - Browser is opened with url: 'https://hospital.ddocdoc.com/signin'

2022-08-17 11:43:45 - [TEST_STEP][PASSED] - maximizeWindow(): Current window maximized

2022-08-17 11:43:45 - [MESSAGE][PASSED] - Current window maximized

2022-08-17 11:43:45 - [TEST_STEP][PASSED] - verifyElementPresent(findTestObject("Page_로그인 화면/button_login"), 5): Object 'Object Repository/Page_로그인 화면/button_login' is present

2022-08-17 11:43:45 - [MESSAGE][PASSED] - Object 'Object Repository/Page_로그인 화면/button_login' is present

2022-08-17 11:43:45 - [TEST_STEP][PASSED] - click(findTestObject("Page_로그인 화면/button_login")): Object: 'Object Repository/Page_로그인 화면/button_login' is clicked on

2022-08-17 11:43:47 - [MESSAGE][PASSED] - Object: 'Object Repository/Page_로그인 화면/button_login' is clicked on

2022-08-17 11:43:47 - [TEST_STEP][PASSED] - verifyElementPresent(findTestObject("Page_로그인 화면/input__id input"), 5): Object 'Object Repository/Page_로그인 화면/input__id input' is present

2022-08-17 11:43:47 - [MESSAGE][PASSED] - Object 'Object Repository/Page_로그인 화면/input__id input' is present

2022-08-17 11:43:47 - [TEST_STEP][PASSED] - sendKeys(findTestObject("Page_로그인 화면/input__id input"), ID): Keys 'ddocdocProduction1' sent to object: 'Object Repository/Page_로그인 화면/input__id input'

2022-08-17 11:43:48 - [MESSAGE][PASSED] - Keys 'ddocdocProduction1' sent to object: 'Object Repository/Page_로그인 화면/input__id input'

2022-08-17 11:43:48 - [TEST_STEP][PASSED] - sendKeys(findTestObject("Page_로그인 화면/input__pw inpuut"), PW): Keys 'ddocdocProduction1' sent to object: 'Object Repository/Page_로그인 화면/input__pw inpuut'

2022-08-17 11:43:49 - [MESSAGE][PASSED] - Keys 'ddocdocProduction1' sent to object: 'Object Repository/Page_로그인 화면/input__pw inpuut'

2022-08-17 11:43:49 - [TEST_STEP][PASSED] - click(findTestObject("Page_로그인 화면/button_로그인 활성화")): Object: 'Object Repository/Page_로그인 화면/button_로그인 활성화' is clicked on

2022-08-17 11:43:50 - [MESSAGE][PASSED] - Object: 'Object Repository/Page_로그인 화면/button_로그인 활성화' is clicked on

2022-08-17 11:43:50 - [TEST_STEP][PASSED] - verifyElementPresent(findTestObject("Page_병드민/span_홈"), 5): Object 'Object Repository/Page_병드민/span_홈' is present

2022-08-17 11:43:54 - [MESSAGE][PASSED] - Object 'Object Repository/Page_병드민/span_홈' is present

2022-08-17 11:43:54 - [TEST_STEP][PASSED] - verifyElementPresent(findTestObject("Page_병드민/span_병원정보"), 5): Object 'Object Repository/Page_병드민/span_병원정보' is present

2022-08-17 11:43:54 - [MESSAGE][PASSED] - Object 'Object Repository/Page_병드민/span_병원정보' is present

2022-08-17 11:43:54 - [TEST_STEP][PASSED] - click(findTestObject("Page_병드민/span_병원정보")): Object: 'Object Repository/Page_병드민/span_병원정보' is clicked on

2022-08-17 11:43:55 - [MESSAGE][PASSED] - Object: 'Object Repository/Page_병드민/span_병원정보' is clicked on

2022-08-17 11:43:55 - [TEST_STEP][PASSED] - click(findTestObject("Page_병드민/병원 정보/병원 정보_병원 공지사항/span_병원 공지사항")): Object: 'Object Repository/Page_병드민/병원 정보/병원 정보_병원 공지사항/span_병원 공지사항' is clicked on

2022-08-17 11:43:56 - [MESSAGE][PASSED] - Object: 'Object Repository/Page_병드민/병원 정보/병원 정보_병원 공지사항/span_병원 공지사항' is clicked on

2022-08-17 11:43:56 - [TEST_STEP][PASSED] - click(findTestObject("Page_/span_공지사항 등록 버튼")): Object: 'Object Repository/Page_/span_공지사항 등록 버튼' is clicked on

2022-08-17 11:43:57 - [MESSAGE][PASSED] - Object: 'Object Repository/Page_/span_공지사항 등록 버튼' is clicked on

2022-08-17 11:43:57 - [TEST_STEP][PASSED] - click(findTestObject("Page_/button_공지사항 등록_취소")): Object: 'Object Repository/Page_/button_공지사항 등록_취소' is clicked on

2022-08-17 11:43:59 - [MESSAGE][PASSED] - Object: 'Object Repository/Page_/button_공지사항 등록_취소' is clicked on

2022-08-17 11:43:59 - [TEST_STEP][PASSED] - verifyElementPresent(findTestObject("Page_/span_공지사항 등록 버튼"), 5): Object 'Object Repository/Page_/span_공지사항 등록 버튼' is present

2022-08-17 11:43:59 - [MESSAGE][PASSED] - Object 'Object Repository/Page_/span_공지사항 등록 버튼' is present

2022-08-17 11:43:59 - [TEST_STEP][PASSED] - click(findTestObject("Page_/span_공지사항 등록 버튼")): Object: 'Object Repository/Page_/span_공지사항 등록 버튼' is clicked on

2022-08-17 11:44:00 - [MESSAGE][PASSED] - Object: 'Object Repository/Page_/span_공지사항 등록 버튼' is clicked on

2022-08-17 11:44:00 - [TEST_STEP][PASSED] - click(findTestObject("Page_/button_공지사항 등록_저장")): Object: 'Object Repository/Page_/button_공지사항 등록_저장' is clicked on

2022-08-17 11:44:01 - [MESSAGE][PASSED] - Object: 'Object Repository/Page_/button_공지사항 등록_저장' is clicked on

2022-08-17 11:44:01 - [TEST_STEP][PASSED] - verifyElementPresent(findTestObject("Page_/pre_내용을 입력해주세요"), 0): Object 'Object Repository/Page_/pre_내용을 입력해주세요' is present

2022-08-17 11:44:01 - [MESSAGE][WARNING] - Timeout '0' is invalid. Using default page load timeout: '30'

2022-08-17 11:44:02 - [MESSAGE][PASSED] - Object 'Object Repository/Page_/pre_내용을 입력해주세요' is present

2022-08-17 11:44:02 - [TEST_STEP][PASSED] - click(findTestObject("Page_/button_저장1 알럿팝업 확인")): Object: 'Object Repository/Page_/button_저장1 알럿팝업 확인' is clicked on

2022-08-17 11:44:03 - [MESSAGE][PASSED] - Object: 'Object Repository/Page_/button_저장1 알럿팝업 확인' is clicked on

2022-08-17 11:44:03 - [TEST_STEP][PASSED] - verifyElementPresent(findTestObject("Page_/h1_공지사항 타이틀 문구"), 5): Object 'Object Repository/Page_/h1_공지사항 타이틀 문구' is present

2022-08-17 11:44:03 - [MESSAGE][PASSED] - Object 'Object Repository/Page_/h1_공지사항 타이틀 문구' is present

2022-08-17 11:44:03 - [TEST_STEP][PASSED] - setText(findTestObject("Page_/input__공지사항 제목 입력"), "똑닥 진우 테스트"): Text '똑닥 진우 테스트' is set on object 'Object Repository/Page_/input__공지사항 제목 입력'

2022-08-17 11:44:05 - [MESSAGE][PASSED] - Text '똑닥 진우 테스트' is set on object 'Object Repository/Page_/input__공지사항 제목 입력'

2022-08-17 11:44:05 - [TEST_STEP][PASSED] - setText(findTestObject("Page_/textarea_공지사항 내용 입력"), "똑닥 진우 테스트 내용 ~~"): Text '똑닥 진우 테스트 내용 ~~' is set on object 'Object Repository/Page_/textarea_공지사항 내용 입력'

2022-08-17 11:44:07 - [MESSAGE][PASSED] - Text '똑닥 진우 테스트 내용 ~~' is set on object 'Object Repository/Page_/textarea_공지사항 내용 입력'

2022-08-17 11:44:07 - [TEST_STEP][PASSED] - click(findTestObject("Page_/button_공지사항 등록_저장")): Object: 'Object Repository/Page_/button_공지사항 등록_저장' is clicked on

2022-08-17 11:44:08 - [MESSAGE][PASSED] - Object: 'Object Repository/Page_/button_공지사항 등록_저장' is clicked on

2022-08-17 11:44:08 - [TEST_STEP][PASSED] - verifyElementPresent(findTestObject("Page_/pre_공지사항을 등록하시겠습니까"), 5): Object 'Object Repository/Page_/pre_공지사항을 등록하시겠습니까' is present

2022-08-17 11:44:08 - [MESSAGE][PASSED] - Object 'Object Repository/Page_/pre_공지사항을 등록하시겠습니까' is present

2022-08-17 11:44:08 - [TEST_STEP][PASSED] - verifyElementPresent(findTestObject("Page_/button_저장2 알럿팝업 취소"), 5): Object 'Object Repository/Page_/button_저장2 알럿팝업 취소' is present

2022-08-17 11:44:09 - [MESSAGE][PASSED] - Object 'Object Repository/Page_/button_저장2 알럿팝업 취소' is present

2022-08-17 11:44:09 - [TEST_STEP][PASSED] - click(findTestObject("Page_/button_저장2 알럿팝업 취소")): Object: 'Object Repository/Page_/button_저장2 알럿팝업 취소' is clicked on

2022-08-17 11:44:09 - [MESSAGE][PASSED] - Object: 'Object Repository/Page_/button_저장2 알럿팝업 취소' is clicked on

2022-08-17 11:44:09 - [TEST_STEP][PASSED] - click(findTestObject("Page_/button_공지사항 등록_저장")): Object: 'Object Repository/Page_/button_공지사항 등록_저장' is clicked on

2022-08-17 11:44:10 - [MESSAGE][PASSED] - Object: 'Object Repository/Page_/button_공지사항 등록_저장' is clicked on

2022-08-17 11:44:10 - [TEST_STEP][PASSED] - verifyElementPresent(findTestObject("Page_/button_저장2 알럿팝업 확인"), 5): Object 'Object Repository/Page_/button_저장2 알럿팝업 확인' is present

2022-08-17 11:44:11 - [MESSAGE][PASSED] - Object 'Object Repository/Page_/button_저장2 알럿팝업 확인' is present

2022-08-17 11:44:11 - [TEST_STEP][PASSED] - click(findTestObject("Page_/button_저장2 알럿팝업 확인"), STOP_ON_FAILURE): Object: 'Object Repository/Page_/button_저장2 알럿팝업 확인' is clicked on

2022-08-17 11:44:12 - [MESSAGE][PASSED] - Object: 'Object Repository/Page_/button_저장2 알럿팝업 확인' is clicked on

2022-08-17 11:44:12 - [TEST_STEP][PASSED] - verifyTextPresent("똑닥 진우 테스트", false): Text '똑닥 진우 테스트' is present on page 

2022-08-17 11:44:12 - [MESSAGE][PASSED] - Text '똑닥 진우 테스트' is present on page 

2022-08-17 11:44:12 - [TEST_STEP][PASSED] - closeBrowser(): Browser is closed

2022-08-17 11:44:13 - [MESSAGE][PASSED] - Browser is closed]]></system-out>
         <system-err><![CDATA[]]></system-err>
      </testcase>
      <testcase name="Test Cases/병원 정보_병원 공지사항_조회" time="18.289" classname="Test Cases/병원 정보_병원 공지사항_조회" status="PASSED">
         <system-out><![CDATA[2022-08-17 11:44:13 - [TEST_CASE][PASSED] - Test Cases/병원 정보_병원 공지사항_조회: Test Cases/병원 정보_병원 공지사항_조회

2022-08-17 11:44:13 - [TEST_STEP][PASSED] - Start setup action : setupTestCase: Method 'setupTestCase' complete successfully

2022-08-17 11:44:13 - [MESSAGE][PASSED] - Method 'setupTestCase' complete successfully

2022-08-17 11:44:13 - [TEST_STEP][PASSED] - openBrowser(URL): Browser is opened with url: 'https://hospital.ddocdoc.com/signin'

2022-08-17 11:44:13 - [MESSAGE][INFO] - Starting 'Chrome' driver

2022-08-17 11:44:13 - [MESSAGE][INFO] - Action delay is set to 500 milliseconds

2022-08-17 11:44:16 - [MESSAGE][PASSED] - Browser is opened with url: 'https://hospital.ddocdoc.com/signin'

2022-08-17 11:44:16 - [TEST_STEP][PASSED] - maximizeWindow(): Current window maximized

2022-08-17 11:44:17 - [MESSAGE][PASSED] - Current window maximized

2022-08-17 11:44:17 - [TEST_STEP][PASSED] - verifyElementPresent(findTestObject("Page_로그인 화면/button_login"), 5): Object 'Object Repository/Page_로그인 화면/button_login' is present

2022-08-17 11:44:17 - [MESSAGE][PASSED] - Object 'Object Repository/Page_로그인 화면/button_login' is present

2022-08-17 11:44:17 - [TEST_STEP][PASSED] - click(findTestObject("Page_로그인 화면/button_login")): Object: 'Object Repository/Page_로그인 화면/button_login' is clicked on

2022-08-17 11:44:18 - [MESSAGE][PASSED] - Object: 'Object Repository/Page_로그인 화면/button_login' is clicked on

2022-08-17 11:44:18 - [TEST_STEP][PASSED] - verifyElementPresent(findTestObject("Page_로그인 화면/input__id input"), 5): Object 'Object Repository/Page_로그인 화면/input__id input' is present

2022-08-17 11:44:18 - [MESSAGE][PASSED] - Object 'Object Repository/Page_로그인 화면/input__id input' is present

2022-08-17 11:44:18 - [TEST_STEP][PASSED] - sendKeys(findTestObject("Page_로그인 화면/input__id input"), ID): Keys 'ddocdocProduction1' sent to object: 'Object Repository/Page_로그인 화면/input__id input'

2022-08-17 11:44:19 - [MESSAGE][PASSED] - Keys 'ddocdocProduction1' sent to object: 'Object Repository/Page_로그인 화면/input__id input'

2022-08-17 11:44:19 - [TEST_STEP][PASSED] - sendKeys(findTestObject("Page_로그인 화면/input__pw inpuut"), PW): Keys 'ddocdocProduction1' sent to object: 'Object Repository/Page_로그인 화면/input__pw inpuut'

2022-08-17 11:44:20 - [MESSAGE][PASSED] - Keys 'ddocdocProduction1' sent to object: 'Object Repository/Page_로그인 화면/input__pw inpuut'

2022-08-17 11:44:20 - [TEST_STEP][PASSED] - click(findTestObject("Page_로그인 화면/button_로그인 활성화")): Object: 'Object Repository/Page_로그인 화면/button_로그인 활성화' is clicked on

2022-08-17 11:44:21 - [MESSAGE][PASSED] - Object: 'Object Repository/Page_로그인 화면/button_로그인 활성화' is clicked on

2022-08-17 11:44:21 - [TEST_STEP][PASSED] - verifyElementPresent(findTestObject("Page_병드민/span_홈"), 5): Object 'Object Repository/Page_병드민/span_홈' is present

2022-08-17 11:44:22 - [MESSAGE][PASSED] - Object 'Object Repository/Page_병드민/span_홈' is present

2022-08-17 11:44:22 - [TEST_STEP][PASSED] - verifyElementPresent(findTestObject("Page_병드민/span_병원정보"), 5): Object 'Object Repository/Page_병드민/span_병원정보' is present

2022-08-17 11:44:22 - [MESSAGE][PASSED] - Object 'Object Repository/Page_병드민/span_병원정보' is present

2022-08-17 11:44:22 - [TEST_STEP][PASSED] - click(findTestObject("Page_병드민/span_병원정보")): Object: 'Object Repository/Page_병드민/span_병원정보' is clicked on

2022-08-17 11:44:23 - [MESSAGE][PASSED] - Object: 'Object Repository/Page_병드민/span_병원정보' is clicked on

2022-08-17 11:44:23 - [TEST_STEP][PASSED] - click(findTestObject("Page_병드민/병원 정보/병원 정보_병원 공지사항/span_병원 공지사항")): Object: 'Object Repository/Page_병드민/병원 정보/병원 정보_병원 공지사항/span_병원 공지사항' is clicked on

2022-08-17 11:44:24 - [MESSAGE][PASSED] - Object: 'Object Repository/Page_병드민/병원 정보/병원 정보_병원 공지사항/span_병원 공지사항' is clicked on

2022-08-17 11:44:24 - [TEST_STEP][PASSED] - verifyElementPresent(findTestObject("Page_/h1_공지사항 타이틀 문구"), 5): Object 'Object Repository/Page_/h1_공지사항 타이틀 문구' is present

2022-08-17 11:44:25 - [MESSAGE][PASSED] - Object 'Object Repository/Page_/h1_공지사항 타이틀 문구' is present

2022-08-17 11:44:25 - [TEST_STEP][PASSED] - setText(findTestObject("Page_/input__검색어 입력"), "똑닥 진우 테스트1111"): Text '똑닥 진우 테스트1111' is set on object 'Object Repository/Page_/input__검색어 입력'

2022-08-17 11:44:26 - [MESSAGE][PASSED] - Text '똑닥 진우 테스트1111' is set on object 'Object Repository/Page_/input__검색어 입력'

2022-08-17 11:44:26 - [TEST_STEP][PASSED] - click(findTestObject("Page_/button_검색")): Object: 'Object Repository/Page_/button_검색' is clicked on

2022-08-17 11:44:27 - [MESSAGE][PASSED] - Object: 'Object Repository/Page_/button_검색' is clicked on

2022-08-17 11:44:27 - [TEST_STEP][PASSED] - verifyTextPresent("검색어 조건 및 다른 검색어를 입력 후 검색해주세요.", false): Text '검색어 조건 및 다른 검색어를 입력 후 검색해주세요.' is present on page 

2022-08-17 11:44:28 - [MESSAGE][PASSED] - Text '검색어 조건 및 다른 검색어를 입력 후 검색해주세요.' is present on page 

2022-08-17 11:44:28 - [TEST_STEP][PASSED] - setText(findTestObject("Page_/input__검색어 입력"), "똑닥 진우 테스트"): Text '똑닥 진우 테스트' is set on object 'Object Repository/Page_/input__검색어 입력'

2022-08-17 11:44:29 - [MESSAGE][PASSED] - Text '똑닥 진우 테스트' is set on object 'Object Repository/Page_/input__검색어 입력'

2022-08-17 11:44:29 - [TEST_STEP][PASSED] - click(findTestObject("Page_/button_검색")): Object: 'Object Repository/Page_/button_검색' is clicked on

2022-08-17 11:44:30 - [MESSAGE][PASSED] - Object: 'Object Repository/Page_/button_검색' is clicked on

2022-08-17 11:44:30 - [TEST_STEP][PASSED] - verifyTextPresent("똑닥 진우 테스트", false): Text '똑닥 진우 테스트' is present on page 

2022-08-17 11:44:31 - [MESSAGE][PASSED] - Text '똑닥 진우 테스트' is present on page 

2022-08-17 11:44:31 - [TEST_STEP][PASSED] - closeBrowser(): Browser is closed

2022-08-17 11:44:31 - [MESSAGE][PASSED] - Browser is closed]]></system-out>
         <system-err><![CDATA[]]></system-err>
      </testcase>
      <testcase name="Test Cases/병원 정보_병원 공지사항_수정" time="28.353" classname="Test Cases/병원 정보_병원 공지사항_수정" status="PASSED">
         <system-out><![CDATA[2022-08-17 11:44:31 - [TEST_CASE][PASSED] - Test Cases/병원 정보_병원 공지사항_수정: Test Cases/병원 정보_병원 공지사항_수정

2022-08-17 11:44:31 - [TEST_STEP][PASSED] - Start setup action : setupTestCase: Method 'setupTestCase' complete successfully

2022-08-17 11:44:31 - [MESSAGE][PASSED] - Method 'setupTestCase' complete successfully

2022-08-17 11:44:32 - [TEST_STEP][PASSED] - openBrowser(URL): Browser is opened with url: 'https://hospital.ddocdoc.com/signin'

2022-08-17 11:44:32 - [MESSAGE][INFO] - Starting 'Chrome' driver

2022-08-17 11:44:32 - [MESSAGE][INFO] - Action delay is set to 500 milliseconds

2022-08-17 11:44:35 - [MESSAGE][PASSED] - Browser is opened with url: 'https://hospital.ddocdoc.com/signin'

2022-08-17 11:44:35 - [TEST_STEP][PASSED] - maximizeWindow(): Current window maximized

2022-08-17 11:44:35 - [MESSAGE][PASSED] - Current window maximized

2022-08-17 11:44:35 - [TEST_STEP][PASSED] - verifyElementPresent(findTestObject("Page_로그인 화면/button_login"), 5): Object 'Object Repository/Page_로그인 화면/button_login' is present

2022-08-17 11:44:35 - [MESSAGE][PASSED] - Object 'Object Repository/Page_로그인 화면/button_login' is present

2022-08-17 11:44:35 - [TEST_STEP][PASSED] - click(findTestObject("Page_로그인 화면/button_login")): Object: 'Object Repository/Page_로그인 화면/button_login' is clicked on

2022-08-17 11:44:36 - [MESSAGE][PASSED] - Object: 'Object Repository/Page_로그인 화면/button_login' is clicked on

2022-08-17 11:44:36 - [TEST_STEP][PASSED] - verifyElementPresent(findTestObject("Page_로그인 화면/input__id input"), 5): Object 'Object Repository/Page_로그인 화면/input__id input' is present

2022-08-17 11:44:37 - [MESSAGE][PASSED] - Object 'Object Repository/Page_로그인 화면/input__id input' is present

2022-08-17 11:44:37 - [TEST_STEP][PASSED] - sendKeys(findTestObject("Page_로그인 화면/input__id input"), ID): Keys 'ddocdocProduction1' sent to object: 'Object Repository/Page_로그인 화면/input__id input'

2022-08-17 11:44:38 - [MESSAGE][PASSED] - Keys 'ddocdocProduction1' sent to object: 'Object Repository/Page_로그인 화면/input__id input'

2022-08-17 11:44:38 - [TEST_STEP][PASSED] - sendKeys(findTestObject("Page_로그인 화면/input__pw inpuut"), PW): Keys 'ddocdocProduction1' sent to object: 'Object Repository/Page_로그인 화면/input__pw inpuut'

2022-08-17 11:44:39 - [MESSAGE][PASSED] - Keys 'ddocdocProduction1' sent to object: 'Object Repository/Page_로그인 화면/input__pw inpuut'

2022-08-17 11:44:39 - [TEST_STEP][PASSED] - click(findTestObject("Page_로그인 화면/button_로그인 활성화")): Object: 'Object Repository/Page_로그인 화면/button_로그인 활성화' is clicked on

2022-08-17 11:44:39 - [MESSAGE][PASSED] - Object: 'Object Repository/Page_로그인 화면/button_로그인 활성화' is clicked on

2022-08-17 11:44:39 - [TEST_STEP][PASSED] - verifyElementPresent(findTestObject("Page_병드민/span_홈"), 5): Object 'Object Repository/Page_병드민/span_홈' is present

2022-08-17 11:44:45 - [MESSAGE][PASSED] - Object 'Object Repository/Page_병드민/span_홈' is present

2022-08-17 11:44:45 - [TEST_STEP][PASSED] - verifyElementPresent(findTestObject("Page_병드민/span_병원정보"), 5): Object 'Object Repository/Page_병드민/span_병원정보' is present

2022-08-17 11:44:46 - [MESSAGE][PASSED] - Object 'Object Repository/Page_병드민/span_병원정보' is present

2022-08-17 11:44:46 - [TEST_STEP][PASSED] - click(findTestObject("Page_병드민/span_병원정보")): Object: 'Object Repository/Page_병드민/span_병원정보' is clicked on

2022-08-17 11:44:47 - [MESSAGE][PASSED] - Object: 'Object Repository/Page_병드민/span_병원정보' is clicked on

2022-08-17 11:44:47 - [TEST_STEP][PASSED] - click(findTestObject("Page_병드민/병원 정보/병원 정보_병원 공지사항/span_병원 공지사항")): Object: 'Object Repository/Page_병드민/병원 정보/병원 정보_병원 공지사항/span_병원 공지사항' is clicked on

2022-08-17 11:44:48 - [MESSAGE][PASSED] - Object: 'Object Repository/Page_병드민/병원 정보/병원 정보_병원 공지사항/span_병원 공지사항' is clicked on

2022-08-17 11:44:48 - [TEST_STEP][PASSED] - verifyElementPresent(findTestObject("Page_/h1_공지사항 타이틀 문구"), 5): Object 'Object Repository/Page_/h1_공지사항 타이틀 문구' is present

2022-08-17 11:44:48 - [MESSAGE][PASSED] - Object 'Object Repository/Page_/h1_공지사항 타이틀 문구' is present

2022-08-17 11:44:48 - [TEST_STEP][PASSED] - verifyTextPresent("똑닥 진우 테스트", false): Text '똑닥 진우 테스트' is present on page 

2022-08-17 11:44:49 - [MESSAGE][PASSED] - Text '똑닥 진우 테스트' is present on page 

2022-08-17 11:44:49 - [TEST_STEP][PASSED] - enhancedClick(findTestObject("Page_/button_수정 버튼 (진우 테스트)")): Object: 'Object Repository/Page_/button_수정 버튼 (진우 테스트)' is clicked on

2022-08-17 11:44:49 - [MESSAGE][PASSED] - Object: 'Object Repository/Page_/button_수정 버튼 (진우 테스트)' is clicked on

2022-08-17 11:44:49 - [TEST_STEP][PASSED] - verifyElementPresent(findTestObject("Page_/button_공지사항 등록_저장"), 5): Object 'Object Repository/Page_/button_공지사항 등록_저장' is present

2022-08-17 11:44:50 - [MESSAGE][PASSED] - Object 'Object Repository/Page_/button_공지사항 등록_저장' is present

2022-08-17 11:44:50 - [TEST_STEP][PASSED] - setText(findTestObject("Page_/input__공지사항 제목 입력"), "똑닥 진우 테스트 수정"): Text '똑닥 진우 테스트 수정' is set on object 'Object Repository/Page_/input__공지사항 제목 입력'

2022-08-17 11:44:52 - [MESSAGE][PASSED] - Text '똑닥 진우 테스트 수정' is set on object 'Object Repository/Page_/input__공지사항 제목 입력'

2022-08-17 11:44:52 - [TEST_STEP][PASSED] - setText(findTestObject("Page_/textarea_공지사항 내용 입력"), "똑닥 진우 테스트 내용 수정 ~~"): Text '똑닥 진우 테스트 내용 수정 ~~' is set on object 'Object Repository/Page_/textarea_공지사항 내용 입력'

2022-08-17 11:44:54 - [MESSAGE][PASSED] - Text '똑닥 진우 테스트 내용 수정 ~~' is set on object 'Object Repository/Page_/textarea_공지사항 내용 입력'

2022-08-17 11:44:54 - [TEST_STEP][PASSED] - click(findTestObject("Page_/button_공지사항 등록_저장")): Object: 'Object Repository/Page_/button_공지사항 등록_저장' is clicked on

2022-08-17 11:44:55 - [MESSAGE][PASSED] - Object: 'Object Repository/Page_/button_공지사항 등록_저장' is clicked on

2022-08-17 11:44:55 - [TEST_STEP][PASSED] - verifyElementPresent(findTestObject("Page_/button_저장2 알럿팝업 취소"), 5): Object 'Object Repository/Page_/button_저장2 알럿팝업 취소' is present

2022-08-17 11:44:55 - [MESSAGE][PASSED] - Object 'Object Repository/Page_/button_저장2 알럿팝업 취소' is present

2022-08-17 11:44:55 - [TEST_STEP][PASSED] - verifyElementPresent(findTestObject("Page_/button_저장2 알럿팝업 확인"), 5): Object 'Object Repository/Page_/button_저장2 알럿팝업 확인' is present

2022-08-17 11:44:56 - [MESSAGE][PASSED] - Object 'Object Repository/Page_/button_저장2 알럿팝업 확인' is present

2022-08-17 11:44:56 - [TEST_STEP][PASSED] - click(findTestObject("Page_/button_저장2 알럿팝업 확인")): Object: 'Object Repository/Page_/button_저장2 알럿팝업 확인' is clicked on

2022-08-17 11:44:57 - [MESSAGE][PASSED] - Object: 'Object Repository/Page_/button_저장2 알럿팝업 확인' is clicked on

2022-08-17 11:44:57 - [TEST_STEP][PASSED] - verifyTextPresent("똑닥 진우 테스트 수정", false): Text '똑닥 진우 테스트 수정' is present on page 

2022-08-17 11:44:59 - [MESSAGE][PASSED] - Text '똑닥 진우 테스트 수정' is present on page 

2022-08-17 11:44:59 - [TEST_STEP][PASSED] - closeBrowser(): Browser is closed

2022-08-17 11:45:00 - [MESSAGE][PASSED] - Browser is closed]]></system-out>
         <system-err><![CDATA[]]></system-err>
      </testcase>
      <testcase name="Test Cases/병원 정보_병원 공지사항_삭제" time="67.359" classname="Test Cases/병원 정보_병원 공지사항_삭제" status="PASSED">
         <system-out><![CDATA[2022-08-17 11:45:00 - [TEST_CASE][PASSED] - Test Cases/병원 정보_병원 공지사항_삭제: Test Cases/병원 정보_병원 공지사항_삭제

2022-08-17 11:45:00 - [TEST_STEP][PASSED] - Start setup action : setupTestCase: Method 'setupTestCase' complete successfully

2022-08-17 11:45:00 - [MESSAGE][PASSED] - Method 'setupTestCase' complete successfully

2022-08-17 11:45:00 - [TEST_STEP][PASSED] - openBrowser(URL): Browser is opened with url: 'https://hospital.ddocdoc.com/signin'

2022-08-17 11:45:00 - [MESSAGE][INFO] - Starting 'Chrome' driver

2022-08-17 11:45:00 - [MESSAGE][INFO] - Action delay is set to 500 milliseconds

2022-08-17 11:45:50 - [MESSAGE][PASSED] - Browser is opened with url: 'https://hospital.ddocdoc.com/signin'

2022-08-17 11:45:50 - [TEST_STEP][PASSED] - maximizeWindow(): Current window maximized

2022-08-17 11:45:50 - [MESSAGE][PASSED] - Current window maximized

2022-08-17 11:45:50 - [TEST_STEP][PASSED] - verifyElementPresent(findTestObject("Page_로그인 화면/button_login"), 5): Object 'Object Repository/Page_로그인 화면/button_login' is present

2022-08-17 11:45:50 - [MESSAGE][PASSED] - Object 'Object Repository/Page_로그인 화면/button_login' is present

2022-08-17 11:45:50 - [TEST_STEP][PASSED] - click(findTestObject("Page_로그인 화면/button_login")): Object: 'Object Repository/Page_로그인 화면/button_login' is clicked on

2022-08-17 11:45:51 - [MESSAGE][PASSED] - Object: 'Object Repository/Page_로그인 화면/button_login' is clicked on

2022-08-17 11:45:51 - [TEST_STEP][PASSED] - verifyElementPresent(findTestObject("Page_로그인 화면/input__id input"), 5): Object 'Object Repository/Page_로그인 화면/input__id input' is present

2022-08-17 11:45:51 - [MESSAGE][PASSED] - Object 'Object Repository/Page_로그인 화면/input__id input' is present

2022-08-17 11:45:51 - [TEST_STEP][PASSED] - setText(findTestObject("Page_로그인 화면/input__id input"), ID): Text 'ddocdocProduction1' is set on object 'Object Repository/Page_로그인 화면/input__id input'

2022-08-17 11:45:53 - [MESSAGE][PASSED] - Text 'ddocdocProduction1' is set on object 'Object Repository/Page_로그인 화면/input__id input'

2022-08-17 11:45:53 - [TEST_STEP][PASSED] - setText(findTestObject("Page_로그인 화면/input__pw inpuut"), PW): Text 'ddocdocProduction1' is set on object 'Object Repository/Page_로그인 화면/input__pw inpuut'

2022-08-17 11:45:55 - [MESSAGE][PASSED] - Text 'ddocdocProduction1' is set on object 'Object Repository/Page_로그인 화면/input__pw inpuut'

2022-08-17 11:45:55 - [TEST_STEP][PASSED] - click(findTestObject("Page_로그인 화면/button_로그인 활성화")): Object: 'Object Repository/Page_로그인 화면/button_로그인 활성화' is clicked on

2022-08-17 11:45:56 - [MESSAGE][PASSED] - Object: 'Object Repository/Page_로그인 화면/button_로그인 활성화' is clicked on

2022-08-17 11:45:56 - [TEST_STEP][PASSED] - verifyElementPresent(findTestObject("Page_병드민/span_홈"), 5): Object 'Object Repository/Page_병드민/span_홈' is present

2022-08-17 11:46:00 - [MESSAGE][PASSED] - Object 'Object Repository/Page_병드민/span_홈' is present

2022-08-17 11:46:00 - [TEST_STEP][PASSED] - verifyElementPresent(findTestObject("Page_병드민/span_병원정보"), 5): Object 'Object Repository/Page_병드민/span_병원정보' is present

2022-08-17 11:46:01 - [MESSAGE][PASSED] - Object 'Object Repository/Page_병드민/span_병원정보' is present

2022-08-17 11:46:01 - [TEST_STEP][PASSED] - click(findTestObject("Page_병드민/span_병원정보")): Object: 'Object Repository/Page_병드민/span_병원정보' is clicked on

2022-08-17 11:46:02 - [MESSAGE][PASSED] - Object: 'Object Repository/Page_병드민/span_병원정보' is clicked on

2022-08-17 11:46:02 - [TEST_STEP][PASSED] - click(findTestObject("Page_병드민/병원 정보/병원 정보_병원 공지사항/span_병원 공지사항")): Object: 'Object Repository/Page_병드민/병원 정보/병원 정보_병원 공지사항/span_병원 공지사항' is clicked on

2022-08-17 11:46:03 - [MESSAGE][PASSED] - Object: 'Object Repository/Page_병드민/병원 정보/병원 정보_병원 공지사항/span_병원 공지사항' is clicked on

2022-08-17 11:46:03 - [TEST_STEP][PASSED] - verifyTextPresent("똑닥 진우 테스트 수정", false): Text '똑닥 진우 테스트 수정' is present on page 

2022-08-17 11:46:04 - [MESSAGE][PASSED] - Text '똑닥 진우 테스트 수정' is present on page 

2022-08-17 11:46:04 - [TEST_STEP][PASSED] - enhancedClick(findTestObject("Page_/button_삭제 버튼 (진우 테스트 수정)")): Object: 'Object Repository/Page_/button_삭제 버튼 (진우 테스트 수정)' is clicked on

2022-08-17 11:46:04 - [MESSAGE][PASSED] - Object: 'Object Repository/Page_/button_삭제 버튼 (진우 테스트 수정)' is clicked on

2022-08-17 11:46:04 - [TEST_STEP][PASSED] - verifyTextPresent("공지사항을 삭제하시겠습니까?", false): Text '공지사항을 삭제하시겠습니까?' is present on page 

2022-08-17 11:46:05 - [MESSAGE][PASSED] - Text '공지사항을 삭제하시겠습니까?' is present on page 

2022-08-17 11:46:05 - [TEST_STEP][PASSED] - click(findTestObject("Page_/button_저장2 알럿팝업 확인")): Object: 'Object Repository/Page_/button_저장2 알럿팝업 확인' is clicked on

2022-08-17 11:46:06 - [MESSAGE][PASSED] - Object: 'Object Repository/Page_/button_저장2 알럿팝업 확인' is clicked on

2022-08-17 11:46:06 - [TEST_STEP][PASSED] - verifyTextNotPresent("똑닥 진우 테스트 수정", false): Text '똑닥 진우 테스트 수정' is not present on page

2022-08-17 11:46:06 - [MESSAGE][PASSED] - Text '똑닥 진우 테스트 수정' is not present on page

2022-08-17 11:46:06 - [TEST_STEP][PASSED] - closeBrowser(): Browser is closed

2022-08-17 11:46:07 - [MESSAGE][PASSED] - Browser is closed]]></system-out>
         <system-err><![CDATA[]]></system-err>
      </testcase>
      <system-out><![CDATA[2022-08-17 11:43:19 - [TEST_SUITE][PASSED] - 공지사항_추가, 조회, 수정, 삭제: Test Cases/병원 정보_병원 공지사항_삭제]]></system-out>
      <system-err><![CDATA[]]></system-err>
   </testsuite>
</testsuites>
