<?xml version="1.0" encoding="UTF-8"?>
<testsuites name="공지사항_추가, 조회, 수정, 삭제" time="262.528" tests="4" failures="0" errors="0">
   <testsuite name="공지사항_추가, 조회, 수정, 삭제" tests="4" failures="0" errors="0" time="262.528" skipped="0" timestamp="2022-08-19 14:46:57" hostname="bbros1 - bbros" id="Test Suites/공지사항_추가, 조회, 수정, 삭제">
      <properties>
         <property name="deviceName" value=""/>
         <property name="devicePlatform" value=""/>
         <property name="logFolder" value="C:\\Users\\bbros1\\Katalon Studio\\ddocdoc\\Reports\\20220819_144650\\\uACF5\uC9C0\uC0AC\uD56D_\uCD94\uAC00, \uC870\uD68C, \uC218\uC815, \uC0AD\uC81C\\20220819_144650"/>
         <property name="logFiles" value="C:\\Users\\bbros1\\Katalon Studio\\ddocdoc\\Reports\\20220819_144650\\\uACF5\uC9C0\uC0AC\uD56D_\uCD94\uAC00, \uC870\uD68C, \uC218\uC815, \uC0AD\uC81C\\20220819_144650\\execution0.log"/>
         <property name="attachments" value=""/>
         <property name="hostName" value="bbros1 - bbros"/>
         <property name="os" value="Windows 10 64bit"/>
         <property name="katalonVersion" value="8.4.0.208"/>
         <property name="browser" value="Chrome 104.0.5112.81"/>
         <property name="hostAddress" value="192.168.110.208"/>
         <property name="sessionId" value="d700f22d1834d1b66e9aef8b9c9cc773"/>
         <property name="seleniumVersion" value="3.141.59"/>
         <property name="proxyInformation" value="ProxyInformation { proxyOption=NO_PROXY, proxyServerType=HTTP, username=, password=********, proxyServerAddress=, proxyServerPort=0, executionList=&quot;&quot;, isApplyToDesiredCapabilities=true }"/>
         <property name="platform" value="Windows 10"/>
      </properties>
      <testcase name="Test Cases/병원 정보_병원 공지사항_등록" time="81.839" classname="Test Cases/병원 정보_병원 공지사항_등록" status="PASSED">
         <system-out><![CDATA[2022-08-19 14:46:58 - [TEST_CASE][PASSED] - Test Cases/병원 정보_병원 공지사항_등록: Test Cases/병원 정보_병원 공지사항_등록

2022-08-19 14:46:58 - [TEST_STEP][PASSED] - Start setup action : 병드민로그인: Method '병드민로그인' complete successfully

2022-08-19 14:46:58 - [TEST_STEP][PASSED] - openBrowser(URL): Browser is opened with url: 'https://testhospital.ddocdoc.com/signin'

2022-08-19 14:46:59 - [MESSAGE][INFO] - Starting 'Chrome' driver

2022-08-19 14:46:59 - [MESSAGE][INFO] - Action delay is set to 2,000 milliseconds

2022-08-19 14:47:05 - [MESSAGE][PASSED] - Browser is opened with url: 'https://testhospital.ddocdoc.com/signin'

2022-08-19 14:47:05 - [TEST_STEP][PASSED] - maximizeWindow(): Current window maximized

2022-08-19 14:47:05 - [MESSAGE][PASSED] - Current window maximized

2022-08-19 14:47:05 - [TEST_STEP][PASSED] - verifyElementPresent(findTestObject("Page_로그인 화면/button_login"), 5): Object 'Object Repository/Page_로그인 화면/button_login' is present

2022-08-19 14:47:05 - [MESSAGE][PASSED] - Object 'Object Repository/Page_로그인 화면/button_login' is present

2022-08-19 14:47:05 - [TEST_STEP][PASSED] - click(findTestObject("Page_로그인 화면/button_login")): Object: 'Object Repository/Page_로그인 화면/button_login' is clicked on

2022-08-19 14:47:08 - [MESSAGE][PASSED] - Object: 'Object Repository/Page_로그인 화면/button_login' is clicked on

2022-08-19 14:47:08 - [TEST_STEP][PASSED] - verifyElementPresent(findTestObject("Page_로그인 화면/input__id input"), 5): Object 'Object Repository/Page_로그인 화면/input__id input' is present

2022-08-19 14:47:08 - [MESSAGE][PASSED] - Object 'Object Repository/Page_로그인 화면/input__id input' is present

2022-08-19 14:47:08 - [TEST_STEP][PASSED] - sendKeys(findTestObject("Page_로그인 화면/input__id input"), ID): Keys 'ckbbros' sent to object: 'Object Repository/Page_로그인 화면/input__id input'

2022-08-19 14:47:11 - [MESSAGE][PASSED] - Keys 'ckbbros' sent to object: 'Object Repository/Page_로그인 화면/input__id input'

2022-08-19 14:47:11 - [TEST_STEP][PASSED] - sendKeys(findTestObject("Page_로그인 화면/input__pw inpuut"), PW): Keys 'qwer1234!@' sent to object: 'Object Repository/Page_로그인 화면/input__pw inpuut'

2022-08-19 14:47:13 - [MESSAGE][PASSED] - Keys 'qwer1234!@' sent to object: 'Object Repository/Page_로그인 화면/input__pw inpuut'

2022-08-19 14:47:13 - [TEST_STEP][PASSED] - click(findTestObject("Page_로그인 화면/button_로그인 활성화")): Object: 'Object Repository/Page_로그인 화면/button_로그인 활성화' is clicked on

2022-08-19 14:47:16 - [MESSAGE][PASSED] - Object: 'Object Repository/Page_로그인 화면/button_로그인 활성화' is clicked on

2022-08-19 14:47:16 - [TEST_STEP][PASSED] - verifyElementPresent(findTestObject("Page_병드민/span_홈"), 5): Object 'Object Repository/Page_병드민/span_홈' is present

2022-08-19 14:47:26 - [MESSAGE][PASSED] - Object 'Object Repository/Page_병드민/span_홈' is present

2022-08-19 14:47:26 - [MESSAGE][PASSED] - Method '병드민로그인' complete successfully

2022-08-19 14:47:27 - [TEST_STEP][PASSED] - verifyElementPresent(findTestObject("Page_병드민/span_병원정보"), 5): Object 'Object Repository/Page_병드민/span_병원정보' is present

2022-08-19 14:47:28 - [MESSAGE][PASSED] - Object 'Object Repository/Page_병드민/span_병원정보' is present

2022-08-19 14:47:28 - [TEST_STEP][PASSED] - click(findTestObject("Page_병드민/span_병원정보")): Object: 'Object Repository/Page_병드민/span_병원정보' is clicked on

2022-08-19 14:47:31 - [MESSAGE][PASSED] - Object: 'Object Repository/Page_병드민/span_병원정보' is clicked on

2022-08-19 14:47:31 - [TEST_STEP][PASSED] - click(findTestObject("Page_병드민/병원 정보/병원 정보_병원 공지사항/span_병원 공지사항")): Object: 'Object Repository/Page_병드민/병원 정보/병원 정보_병원 공지사항/span_병원 공지사항' is clicked on

2022-08-19 14:47:35 - [MESSAGE][PASSED] - Object: 'Object Repository/Page_병드민/병원 정보/병원 정보_병원 공지사항/span_병원 공지사항' is clicked on

2022-08-19 14:47:35 - [TEST_STEP][PASSED] - click(findTestObject("Page_/span_공지사항 등록 버튼")): Object: 'Object Repository/Page_/span_공지사항 등록 버튼' is clicked on

2022-08-19 14:47:39 - [MESSAGE][PASSED] - Object: 'Object Repository/Page_/span_공지사항 등록 버튼' is clicked on

2022-08-19 14:47:39 - [TEST_STEP][PASSED] - click(findTestObject("Page_/button_공지사항 등록_취소")): Object: 'Object Repository/Page_/button_공지사항 등록_취소' is clicked on

2022-08-19 14:47:43 - [MESSAGE][PASSED] - Object: 'Object Repository/Page_/button_공지사항 등록_취소' is clicked on

2022-08-19 14:47:43 - [TEST_STEP][PASSED] - verifyElementPresent(findTestObject("Page_/span_공지사항 등록 버튼"), 5): Object 'Object Repository/Page_/span_공지사항 등록 버튼' is present

2022-08-19 14:47:45 - [MESSAGE][PASSED] - Object 'Object Repository/Page_/span_공지사항 등록 버튼' is present

2022-08-19 14:47:45 - [TEST_STEP][PASSED] - click(findTestObject("Page_/span_공지사항 등록 버튼")): Object: 'Object Repository/Page_/span_공지사항 등록 버튼' is clicked on

2022-08-19 14:47:47 - [MESSAGE][PASSED] - Object: 'Object Repository/Page_/span_공지사항 등록 버튼' is clicked on

2022-08-19 14:47:47 - [TEST_STEP][PASSED] - click(findTestObject("Page_/button_공지사항 등록_저장")): Object: 'Object Repository/Page_/button_공지사항 등록_저장' is clicked on

2022-08-19 14:47:50 - [MESSAGE][PASSED] - Object: 'Object Repository/Page_/button_공지사항 등록_저장' is clicked on

2022-08-19 14:47:50 - [TEST_STEP][PASSED] - verifyElementPresent(findTestObject("Page_/pre_내용을 입력해주세요"), 0): Object 'Object Repository/Page_/pre_내용을 입력해주세요' is present

2022-08-19 14:47:50 - [MESSAGE][WARNING] - Timeout '0' is invalid. Using default page load timeout: '30'

2022-08-19 14:47:51 - [MESSAGE][PASSED] - Object 'Object Repository/Page_/pre_내용을 입력해주세요' is present

2022-08-19 14:47:51 - [TEST_STEP][PASSED] - click(findTestObject("Page_/button_저장1 알럿팝업 확인")): Object: 'Object Repository/Page_/button_저장1 알럿팝업 확인' is clicked on

2022-08-19 14:47:53 - [MESSAGE][PASSED] - Object: 'Object Repository/Page_/button_저장1 알럿팝업 확인' is clicked on

2022-08-19 14:47:53 - [TEST_STEP][PASSED] - verifyElementPresent(findTestObject("Page_/h1_공지사항 타이틀 문구"), 5): Object 'Object Repository/Page_/h1_공지사항 타이틀 문구' is present

2022-08-19 14:47:54 - [MESSAGE][PASSED] - Object 'Object Repository/Page_/h1_공지사항 타이틀 문구' is present

2022-08-19 14:47:54 - [TEST_STEP][PASSED] - setText(findTestObject("Page_/input__공지사항 제목 입력"), "똑닥 진우 테스트"): Text '똑닥 진우 테스트' is set on object 'Object Repository/Page_/input__공지사항 제목 입력'

2022-08-19 14:47:59 - [MESSAGE][PASSED] - Text '똑닥 진우 테스트' is set on object 'Object Repository/Page_/input__공지사항 제목 입력'

2022-08-19 14:47:59 - [TEST_STEP][PASSED] - setText(findTestObject("Page_/textarea_공지사항 내용 입력"), "똑닥 진우 테스트 내용 ~~"): Text '똑닥 진우 테스트 내용 ~~' is set on object 'Object Repository/Page_/textarea_공지사항 내용 입력'

2022-08-19 14:48:04 - [MESSAGE][PASSED] - Text '똑닥 진우 테스트 내용 ~~' is set on object 'Object Repository/Page_/textarea_공지사항 내용 입력'

2022-08-19 14:48:04 - [TEST_STEP][PASSED] - click(findTestObject("Page_/button_공지사항 등록_저장")): Object: 'Object Repository/Page_/button_공지사항 등록_저장' is clicked on

2022-08-19 14:48:06 - [MESSAGE][PASSED] - Object: 'Object Repository/Page_/button_공지사항 등록_저장' is clicked on

2022-08-19 14:48:06 - [TEST_STEP][PASSED] - verifyElementPresent(findTestObject("Page_/pre_공지사항을 등록하시겠습니까"), 5): Object 'Object Repository/Page_/pre_공지사항을 등록하시겠습니까' is present

2022-08-19 14:48:07 - [MESSAGE][PASSED] - Object 'Object Repository/Page_/pre_공지사항을 등록하시겠습니까' is present

2022-08-19 14:48:07 - [TEST_STEP][PASSED] - verifyElementPresent(findTestObject("Page_/button_저장2 알럿팝업 취소"), 5): Object 'Object Repository/Page_/button_저장2 알럿팝업 취소' is present

2022-08-19 14:48:07 - [MESSAGE][PASSED] - Object 'Object Repository/Page_/button_저장2 알럿팝업 취소' is present

2022-08-19 14:48:07 - [TEST_STEP][PASSED] - click(findTestObject("Page_/button_저장2 알럿팝업 취소")): Object: 'Object Repository/Page_/button_저장2 알럿팝업 취소' is clicked on

2022-08-19 14:48:10 - [MESSAGE][PASSED] - Object: 'Object Repository/Page_/button_저장2 알럿팝업 취소' is clicked on

2022-08-19 14:48:10 - [TEST_STEP][PASSED] - click(findTestObject("Page_/button_공지사항 등록_저장")): Object: 'Object Repository/Page_/button_공지사항 등록_저장' is clicked on

2022-08-19 14:48:13 - [MESSAGE][PASSED] - Object: 'Object Repository/Page_/button_공지사항 등록_저장' is clicked on

2022-08-19 14:48:13 - [TEST_STEP][PASSED] - verifyElementPresent(findTestObject("Page_/button_저장2 알럿팝업 확인"), 5): Object 'Object Repository/Page_/button_저장2 알럿팝업 확인' is present

2022-08-19 14:48:13 - [MESSAGE][PASSED] - Object 'Object Repository/Page_/button_저장2 알럿팝업 확인' is present

2022-08-19 14:48:13 - [TEST_STEP][PASSED] - click(findTestObject("Page_/button_저장2 알럿팝업 확인"), STOP_ON_FAILURE): Object: 'Object Repository/Page_/button_저장2 알럿팝업 확인' is clicked on

2022-08-19 14:48:16 - [MESSAGE][PASSED] - Object: 'Object Repository/Page_/button_저장2 알럿팝업 확인' is clicked on

2022-08-19 14:48:16 - [TEST_STEP][PASSED] - verifyTextPresent("똑닥 진우 테스트", false): Text '똑닥 진우 테스트' is present on page 

2022-08-19 14:48:19 - [MESSAGE][PASSED] - Text '똑닥 진우 테스트' is present on page 

2022-08-19 14:48:19 - [TEST_STEP][PASSED] - Start tear down : 브라우저종료: Method '브라우저종료' complete successfully

2022-08-19 14:48:19 - [TEST_STEP][PASSED] - closeBrowser(): Browser is closed

2022-08-19 14:48:20 - [MESSAGE][PASSED] - Browser is closed

2022-08-19 14:48:20 - [MESSAGE][PASSED] - Method '브라우저종료' complete successfully]]></system-out>
         <system-err><![CDATA[]]></system-err>
      </testcase>
      <testcase name="Test Cases/병원 정보_병원 공지사항_조회" time="52.309" classname="Test Cases/병원 정보_병원 공지사항_조회" status="PASSED">
         <system-out><![CDATA[2022-08-19 14:48:20 - [TEST_CASE][PASSED] - Test Cases/병원 정보_병원 공지사항_조회: Test Cases/병원 정보_병원 공지사항_조회

2022-08-19 14:48:20 - [TEST_STEP][PASSED] - Start setup action : 병드민로그인: Method '병드민로그인' complete successfully

2022-08-19 14:48:20 - [TEST_STEP][PASSED] - openBrowser(URL): Browser is opened with url: 'https://testhospital.ddocdoc.com/signin'

2022-08-19 14:48:20 - [MESSAGE][INFO] - Starting 'Chrome' driver

2022-08-19 14:48:20 - [MESSAGE][INFO] - Action delay is set to 2,000 milliseconds

2022-08-19 14:48:34 - [MESSAGE][PASSED] - Browser is opened with url: 'https://testhospital.ddocdoc.com/signin'

2022-08-19 14:48:34 - [TEST_STEP][PASSED] - maximizeWindow(): Current window maximized

2022-08-19 14:48:35 - [MESSAGE][PASSED] - Current window maximized

2022-08-19 14:48:35 - [TEST_STEP][PASSED] - verifyElementPresent(findTestObject("Page_로그인 화면/button_login"), 5): Object 'Object Repository/Page_로그인 화면/button_login' is present

2022-08-19 14:48:35 - [MESSAGE][PASSED] - Object 'Object Repository/Page_로그인 화면/button_login' is present

2022-08-19 14:48:35 - [TEST_STEP][PASSED] - click(findTestObject("Page_로그인 화면/button_login")): Object: 'Object Repository/Page_로그인 화면/button_login' is clicked on

2022-08-19 14:48:37 - [MESSAGE][PASSED] - Object: 'Object Repository/Page_로그인 화면/button_login' is clicked on

2022-08-19 14:48:37 - [TEST_STEP][PASSED] - verifyElementPresent(findTestObject("Page_로그인 화면/input__id input"), 5): Object 'Object Repository/Page_로그인 화면/input__id input' is present

2022-08-19 14:48:38 - [MESSAGE][PASSED] - Object 'Object Repository/Page_로그인 화면/input__id input' is present

2022-08-19 14:48:38 - [TEST_STEP][PASSED] - sendKeys(findTestObject("Page_로그인 화면/input__id input"), ID): Keys 'ckbbros' sent to object: 'Object Repository/Page_로그인 화면/input__id input'

2022-08-19 14:48:40 - [MESSAGE][PASSED] - Keys 'ckbbros' sent to object: 'Object Repository/Page_로그인 화면/input__id input'

2022-08-19 14:48:40 - [TEST_STEP][PASSED] - sendKeys(findTestObject("Page_로그인 화면/input__pw inpuut"), PW): Keys 'qwer1234!@' sent to object: 'Object Repository/Page_로그인 화면/input__pw inpuut'

2022-08-19 14:48:43 - [MESSAGE][PASSED] - Keys 'qwer1234!@' sent to object: 'Object Repository/Page_로그인 화면/input__pw inpuut'

2022-08-19 14:48:43 - [TEST_STEP][PASSED] - click(findTestObject("Page_로그인 화면/button_로그인 활성화")): Object: 'Object Repository/Page_로그인 화면/button_로그인 활성화' is clicked on

2022-08-19 14:48:45 - [MESSAGE][PASSED] - Object: 'Object Repository/Page_로그인 화면/button_로그인 활성화' is clicked on

2022-08-19 14:48:45 - [TEST_STEP][PASSED] - verifyElementPresent(findTestObject("Page_병드민/span_홈"), 5): Object 'Object Repository/Page_병드민/span_홈' is present

2022-08-19 14:48:47 - [MESSAGE][PASSED] - Object 'Object Repository/Page_병드민/span_홈' is present

2022-08-19 14:48:47 - [MESSAGE][PASSED] - Method '병드민로그인' complete successfully

2022-08-19 14:48:48 - [TEST_STEP][PASSED] - verifyElementPresent(findTestObject("Page_병드민/span_병원정보"), 5): Object 'Object Repository/Page_병드민/span_병원정보' is present

2022-08-19 14:48:49 - [MESSAGE][PASSED] - Object 'Object Repository/Page_병드민/span_병원정보' is present

2022-08-19 14:48:49 - [TEST_STEP][PASSED] - click(findTestObject("Page_병드민/span_병원정보")): Object: 'Object Repository/Page_병드민/span_병원정보' is clicked on

2022-08-19 14:48:51 - [MESSAGE][PASSED] - Object: 'Object Repository/Page_병드민/span_병원정보' is clicked on

2022-08-19 14:48:51 - [TEST_STEP][PASSED] - click(findTestObject("Page_병드민/병원 정보/병원 정보_병원 공지사항/span_병원 공지사항")): Object: 'Object Repository/Page_병드민/병원 정보/병원 정보_병원 공지사항/span_병원 공지사항' is clicked on

2022-08-19 14:48:54 - [MESSAGE][PASSED] - Object: 'Object Repository/Page_병드민/병원 정보/병원 정보_병원 공지사항/span_병원 공지사항' is clicked on

2022-08-19 14:48:54 - [TEST_STEP][PASSED] - verifyElementPresent(findTestObject("Page_/h1_공지사항 타이틀 문구"), 5): Object 'Object Repository/Page_/h1_공지사항 타이틀 문구' is present

2022-08-19 14:48:55 - [MESSAGE][PASSED] - Object 'Object Repository/Page_/h1_공지사항 타이틀 문구' is present

2022-08-19 14:48:55 - [TEST_STEP][PASSED] - setText(findTestObject("Page_/input__검색어 입력"), "똑닥 진우 테스트1111"): Text '똑닥 진우 테스트1111' is set on object 'Object Repository/Page_/input__검색어 입력'

2022-08-19 14:48:59 - [MESSAGE][PASSED] - Text '똑닥 진우 테스트1111' is set on object 'Object Repository/Page_/input__검색어 입력'

2022-08-19 14:48:59 - [TEST_STEP][PASSED] - click(findTestObject("Page_/button_검색")): Object: 'Object Repository/Page_/button_검색' is clicked on

2022-08-19 14:49:02 - [MESSAGE][PASSED] - Object: 'Object Repository/Page_/button_검색' is clicked on

2022-08-19 14:49:02 - [TEST_STEP][PASSED] - verifyTextPresent("검색어 조건 및 다른 검색어를 입력 후 검색해주세요.", false): Text '검색어 조건 및 다른 검색어를 입력 후 검색해주세요.' is present on page 

2022-08-19 14:49:03 - [MESSAGE][PASSED] - Text '검색어 조건 및 다른 검색어를 입력 후 검색해주세요.' is present on page 

2022-08-19 14:49:03 - [TEST_STEP][PASSED] - setText(findTestObject("Page_/input__검색어 입력"), "똑닥 진우 테스트"): Text '똑닥 진우 테스트' is set on object 'Object Repository/Page_/input__검색어 입력'

2022-08-19 14:49:08 - [MESSAGE][PASSED] - Text '똑닥 진우 테스트' is set on object 'Object Repository/Page_/input__검색어 입력'

2022-08-19 14:49:08 - [TEST_STEP][PASSED] - click(findTestObject("Page_/button_검색")): Object: 'Object Repository/Page_/button_검색' is clicked on

2022-08-19 14:49:10 - [MESSAGE][PASSED] - Object: 'Object Repository/Page_/button_검색' is clicked on

2022-08-19 14:49:10 - [TEST_STEP][PASSED] - verifyTextPresent("똑닥 진우 테스트", false): Text '똑닥 진우 테스트' is present on page 

2022-08-19 14:49:11 - [MESSAGE][PASSED] - Text '똑닥 진우 테스트' is present on page 

2022-08-19 14:49:11 - [TEST_STEP][PASSED] - Start tear down : 브라우저종료: Method '브라우저종료' complete successfully

2022-08-19 14:49:11 - [TEST_STEP][PASSED] - closeBrowser(): Browser is closed

2022-08-19 14:49:12 - [MESSAGE][PASSED] - Browser is closed

2022-08-19 14:49:12 - [MESSAGE][PASSED] - Method '브라우저종료' complete successfully]]></system-out>
         <system-err><![CDATA[]]></system-err>
      </testcase>
      <testcase name="Test Cases/병원 정보_병원 공지사항_수정" time="93.606" classname="Test Cases/병원 정보_병원 공지사항_수정" status="PASSED">
         <system-out><![CDATA[2022-08-19 14:49:12 - [TEST_CASE][PASSED] - Test Cases/병원 정보_병원 공지사항_수정: Test Cases/병원 정보_병원 공지사항_수정

2022-08-19 14:49:12 - [TEST_STEP][PASSED] - Start setup action : 병드민로그인: Method '병드민로그인' complete successfully

2022-08-19 14:49:12 - [TEST_STEP][PASSED] - openBrowser(URL): Browser is opened with url: 'https://testhospital.ddocdoc.com/signin'

2022-08-19 14:49:12 - [MESSAGE][INFO] - Starting 'Chrome' driver

2022-08-19 14:49:12 - [MESSAGE][INFO] - Action delay is set to 2,000 milliseconds

2022-08-19 14:49:57 - [MESSAGE][PASSED] - Browser is opened with url: 'https://testhospital.ddocdoc.com/signin'

2022-08-19 14:49:57 - [TEST_STEP][PASSED] - maximizeWindow(): Current window maximized

2022-08-19 14:49:57 - [MESSAGE][PASSED] - Current window maximized

2022-08-19 14:49:57 - [TEST_STEP][PASSED] - verifyElementPresent(findTestObject("Page_로그인 화면/button_login"), 5): Object 'Object Repository/Page_로그인 화면/button_login' is present

2022-08-19 14:49:57 - [MESSAGE][PASSED] - Object 'Object Repository/Page_로그인 화면/button_login' is present

2022-08-19 14:49:57 - [TEST_STEP][PASSED] - click(findTestObject("Page_로그인 화면/button_login")): Object: 'Object Repository/Page_로그인 화면/button_login' is clicked on

2022-08-19 14:50:00 - [MESSAGE][PASSED] - Object: 'Object Repository/Page_로그인 화면/button_login' is clicked on

2022-08-19 14:50:00 - [TEST_STEP][PASSED] - verifyElementPresent(findTestObject("Page_로그인 화면/input__id input"), 5): Object 'Object Repository/Page_로그인 화면/input__id input' is present

2022-08-19 14:50:00 - [MESSAGE][PASSED] - Object 'Object Repository/Page_로그인 화면/input__id input' is present

2022-08-19 14:50:00 - [TEST_STEP][PASSED] - sendKeys(findTestObject("Page_로그인 화면/input__id input"), ID): Keys 'ckbbros' sent to object: 'Object Repository/Page_로그인 화면/input__id input'

2022-08-19 14:50:03 - [MESSAGE][PASSED] - Keys 'ckbbros' sent to object: 'Object Repository/Page_로그인 화면/input__id input'

2022-08-19 14:50:03 - [TEST_STEP][PASSED] - sendKeys(findTestObject("Page_로그인 화면/input__pw inpuut"), PW): Keys 'qwer1234!@' sent to object: 'Object Repository/Page_로그인 화면/input__pw inpuut'

2022-08-19 14:50:06 - [MESSAGE][PASSED] - Keys 'qwer1234!@' sent to object: 'Object Repository/Page_로그인 화면/input__pw inpuut'

2022-08-19 14:50:06 - [TEST_STEP][PASSED] - click(findTestObject("Page_로그인 화면/button_로그인 활성화")): Object: 'Object Repository/Page_로그인 화면/button_로그인 활성화' is clicked on

2022-08-19 14:50:08 - [MESSAGE][PASSED] - Object: 'Object Repository/Page_로그인 화면/button_로그인 활성화' is clicked on

2022-08-19 14:50:08 - [TEST_STEP][PASSED] - verifyElementPresent(findTestObject("Page_병드민/span_홈"), 5): Object 'Object Repository/Page_병드민/span_홈' is present

2022-08-19 14:50:14 - [MESSAGE][PASSED] - Object 'Object Repository/Page_병드민/span_홈' is present

2022-08-19 14:50:14 - [MESSAGE][PASSED] - Method '병드민로그인' complete successfully

2022-08-19 14:50:15 - [TEST_STEP][PASSED] - verifyElementPresent(findTestObject("Page_병드민/span_병원정보"), 5): Object 'Object Repository/Page_병드민/span_병원정보' is present

2022-08-19 14:50:16 - [MESSAGE][PASSED] - Object 'Object Repository/Page_병드민/span_병원정보' is present

2022-08-19 14:50:16 - [TEST_STEP][PASSED] - click(findTestObject("Page_병드민/span_병원정보")): Object: 'Object Repository/Page_병드민/span_병원정보' is clicked on

2022-08-19 14:50:18 - [MESSAGE][PASSED] - Object: 'Object Repository/Page_병드민/span_병원정보' is clicked on

2022-08-19 14:50:18 - [TEST_STEP][PASSED] - click(findTestObject("Page_병드민/병원 정보/병원 정보_병원 공지사항/span_병원 공지사항")): Object: 'Object Repository/Page_병드민/병원 정보/병원 정보_병원 공지사항/span_병원 공지사항' is clicked on

2022-08-19 14:50:22 - [MESSAGE][PASSED] - Object: 'Object Repository/Page_병드민/병원 정보/병원 정보_병원 공지사항/span_병원 공지사항' is clicked on

2022-08-19 14:50:22 - [TEST_STEP][PASSED] - verifyElementPresent(findTestObject("Page_/h1_공지사항 타이틀 문구"), 5): Object 'Object Repository/Page_/h1_공지사항 타이틀 문구' is present

2022-08-19 14:50:23 - [MESSAGE][PASSED] - Object 'Object Repository/Page_/h1_공지사항 타이틀 문구' is present

2022-08-19 14:50:23 - [TEST_STEP][PASSED] - verifyTextPresent("똑닥 진우 테스트", false): Text '똑닥 진우 테스트' is present on page 

2022-08-19 14:50:24 - [MESSAGE][PASSED] - Text '똑닥 진우 테스트' is present on page 

2022-08-19 14:50:24 - [TEST_STEP][PASSED] - enhancedClick(findTestObject("Page_/button_수정 버튼 (진우 테스트)")): Object: 'Object Repository/Page_/button_수정 버튼 (진우 테스트)' is clicked on

2022-08-19 14:50:27 - [MESSAGE][PASSED] - Object: 'Object Repository/Page_/button_수정 버튼 (진우 테스트)' is clicked on

2022-08-19 14:50:27 - [TEST_STEP][PASSED] - verifyElementPresent(findTestObject("Page_/button_공지사항 등록_저장"), 5): Object 'Object Repository/Page_/button_공지사항 등록_저장' is present

2022-08-19 14:50:28 - [MESSAGE][PASSED] - Object 'Object Repository/Page_/button_공지사항 등록_저장' is present

2022-08-19 14:50:28 - [TEST_STEP][PASSED] - setText(findTestObject("Page_/input__공지사항 제목 입력"), "똑닥 진우 테스트 수정"): Text '똑닥 진우 테스트 수정' is set on object 'Object Repository/Page_/input__공지사항 제목 입력'

2022-08-19 14:50:33 - [MESSAGE][PASSED] - Text '똑닥 진우 테스트 수정' is set on object 'Object Repository/Page_/input__공지사항 제목 입력'

2022-08-19 14:50:33 - [TEST_STEP][PASSED] - setText(findTestObject("Page_/textarea_공지사항 내용 입력"), "똑닥 진우 테스트 내용 수정 ~~"): Text '똑닥 진우 테스트 내용 수정 ~~' is set on object 'Object Repository/Page_/textarea_공지사항 내용 입력'

2022-08-19 14:50:38 - [MESSAGE][PASSED] - Text '똑닥 진우 테스트 내용 수정 ~~' is set on object 'Object Repository/Page_/textarea_공지사항 내용 입력'

2022-08-19 14:50:38 - [TEST_STEP][PASSED] - click(findTestObject("Page_/button_공지사항 등록_저장")): Object: 'Object Repository/Page_/button_공지사항 등록_저장' is clicked on

2022-08-19 14:50:40 - [MESSAGE][PASSED] - Object: 'Object Repository/Page_/button_공지사항 등록_저장' is clicked on

2022-08-19 14:50:40 - [TEST_STEP][PASSED] - verifyElementPresent(findTestObject("Page_/button_저장2 알럿팝업 취소"), 5): Object 'Object Repository/Page_/button_저장2 알럿팝업 취소' is present

2022-08-19 14:50:41 - [MESSAGE][PASSED] - Object 'Object Repository/Page_/button_저장2 알럿팝업 취소' is present

2022-08-19 14:50:41 - [TEST_STEP][PASSED] - verifyElementPresent(findTestObject("Page_/button_저장2 알럿팝업 확인"), 5): Object 'Object Repository/Page_/button_저장2 알럿팝업 확인' is present

2022-08-19 14:50:41 - [MESSAGE][PASSED] - Object 'Object Repository/Page_/button_저장2 알럿팝업 확인' is present

2022-08-19 14:50:41 - [TEST_STEP][PASSED] - click(findTestObject("Page_/button_저장2 알럿팝업 확인")): Object: 'Object Repository/Page_/button_저장2 알럿팝업 확인' is clicked on

2022-08-19 14:50:44 - [MESSAGE][PASSED] - Object: 'Object Repository/Page_/button_저장2 알럿팝업 확인' is clicked on

2022-08-19 14:50:44 - [TEST_STEP][PASSED] - verifyTextPresent("똑닥 진우 테스트 수정", false): Text '똑닥 진우 테스트 수정' is present on page 

2022-08-19 14:50:45 - [MESSAGE][PASSED] - Text '똑닥 진우 테스트 수정' is present on page 

2022-08-19 14:50:45 - [TEST_STEP][PASSED] - Start tear down : 브라우저종료: Method '브라우저종료' complete successfully

2022-08-19 14:50:45 - [TEST_STEP][PASSED] - closeBrowser(): Browser is closed

2022-08-19 14:50:45 - [MESSAGE][PASSED] - Browser is closed

2022-08-19 14:50:45 - [MESSAGE][PASSED] - Method '브라우저종료' complete successfully]]></system-out>
         <system-err><![CDATA[]]></system-err>
      </testcase>
      <testcase name="Test Cases/병원 정보_병원 공지사항_삭제" time="34.401" classname="Test Cases/병원 정보_병원 공지사항_삭제" status="PASSED">
         <system-out><![CDATA[2022-08-19 14:50:46 - [TEST_CASE][PASSED] - Test Cases/병원 정보_병원 공지사항_삭제: Test Cases/병원 정보_병원 공지사항_삭제

2022-08-19 14:50:46 - [TEST_STEP][PASSED] - Start setup action : 병드민로그인: Method '병드민로그인' complete successfully

2022-08-19 14:50:46 - [TEST_STEP][PASSED] - openBrowser(URL): Browser is opened with url: 'https://testhospital.ddocdoc.com/signin'

2022-08-19 14:50:46 - [MESSAGE][INFO] - Starting 'Chrome' driver

2022-08-19 14:50:46 - [MESSAGE][INFO] - Action delay is set to 2,000 milliseconds

2022-08-19 14:50:52 - [MESSAGE][PASSED] - Browser is opened with url: 'https://testhospital.ddocdoc.com/signin'

2022-08-19 14:50:52 - [TEST_STEP][PASSED] - maximizeWindow(): Current window maximized

2022-08-19 14:50:52 - [MESSAGE][PASSED] - Current window maximized

2022-08-19 14:50:52 - [TEST_STEP][PASSED] - verifyElementPresent(findTestObject("Page_로그인 화면/button_login"), 5): Object 'Object Repository/Page_로그인 화면/button_login' is present

2022-08-19 14:50:52 - [MESSAGE][PASSED] - Object 'Object Repository/Page_로그인 화면/button_login' is present

2022-08-19 14:50:52 - [TEST_STEP][PASSED] - click(findTestObject("Page_로그인 화면/button_login")): Object: 'Object Repository/Page_로그인 화면/button_login' is clicked on

2022-08-19 14:50:55 - [MESSAGE][PASSED] - Object: 'Object Repository/Page_로그인 화면/button_login' is clicked on

2022-08-19 14:50:55 - [TEST_STEP][PASSED] - verifyElementPresent(findTestObject("Page_로그인 화면/input__id input"), 5): Object 'Object Repository/Page_로그인 화면/input__id input' is present

2022-08-19 14:50:55 - [MESSAGE][PASSED] - Object 'Object Repository/Page_로그인 화면/input__id input' is present

2022-08-19 14:50:55 - [TEST_STEP][PASSED] - sendKeys(findTestObject("Page_로그인 화면/input__id input"), ID): Keys 'ckbbros' sent to object: 'Object Repository/Page_로그인 화면/input__id input'

2022-08-19 14:50:58 - [MESSAGE][PASSED] - Keys 'ckbbros' sent to object: 'Object Repository/Page_로그인 화면/input__id input'

2022-08-19 14:50:58 - [TEST_STEP][PASSED] - sendKeys(findTestObject("Page_로그인 화면/input__pw inpuut"), PW): Keys 'qwer1234!@' sent to object: 'Object Repository/Page_로그인 화면/input__pw inpuut'

2022-08-19 14:51:00 - [MESSAGE][PASSED] - Keys 'qwer1234!@' sent to object: 'Object Repository/Page_로그인 화면/input__pw inpuut'

2022-08-19 14:51:00 - [TEST_STEP][PASSED] - click(findTestObject("Page_로그인 화면/button_로그인 활성화")): Object: 'Object Repository/Page_로그인 화면/button_로그인 활성화' is clicked on

2022-08-19 14:51:02 - [MESSAGE][PASSED] - Object: 'Object Repository/Page_로그인 화면/button_로그인 활성화' is clicked on

2022-08-19 14:51:02 - [TEST_STEP][PASSED] - verifyElementPresent(findTestObject("Page_병드민/span_홈"), 5): Object 'Object Repository/Page_병드민/span_홈' is present

2022-08-19 14:51:05 - [MESSAGE][PASSED] - Object 'Object Repository/Page_병드민/span_홈' is present

2022-08-19 14:51:05 - [MESSAGE][PASSED] - Method '병드민로그인' complete successfully

2022-08-19 14:51:06 - [TEST_STEP][PASSED] - verifyElementPresent(findTestObject("Page_병드민/span_병원정보"), 5): Object 'Object Repository/Page_병드민/span_병원정보' is present

2022-08-19 14:51:06 - [MESSAGE][PASSED] - Object 'Object Repository/Page_병드민/span_병원정보' is present

2022-08-19 14:51:06 - [TEST_STEP][PASSED] - click(findTestObject("Page_병드민/span_병원정보")): Object: 'Object Repository/Page_병드민/span_병원정보' is clicked on

2022-08-19 14:51:09 - [MESSAGE][PASSED] - Object: 'Object Repository/Page_병드민/span_병원정보' is clicked on

2022-08-19 14:51:09 - [TEST_STEP][PASSED] - click(findTestObject("Page_병드민/병원 정보/병원 정보_병원 공지사항/span_병원 공지사항")): Object: 'Object Repository/Page_병드민/병원 정보/병원 정보_병원 공지사항/span_병원 공지사항' is clicked on

2022-08-19 14:51:12 - [MESSAGE][PASSED] - Object: 'Object Repository/Page_병드민/병원 정보/병원 정보_병원 공지사항/span_병원 공지사항' is clicked on

2022-08-19 14:51:12 - [TEST_STEP][PASSED] - verifyTextPresent("똑닥 진우 테스트 수정", false): Text '똑닥 진우 테스트 수정' is present on page 

2022-08-19 14:51:13 - [MESSAGE][PASSED] - Text '똑닥 진우 테스트 수정' is present on page 

2022-08-19 14:51:13 - [TEST_STEP][PASSED] - enhancedClick(findTestObject("Page_/button_삭제 버튼 (진우 테스트 수정)")): Object: 'Object Repository/Page_/button_삭제 버튼 (진우 테스트 수정)' is clicked on

2022-08-19 14:51:15 - [MESSAGE][PASSED] - Object: 'Object Repository/Page_/button_삭제 버튼 (진우 테스트 수정)' is clicked on

2022-08-19 14:51:15 - [TEST_STEP][PASSED] - verifyTextPresent("공지사항을 삭제하시겠습니까?", false): Text '공지사항을 삭제하시겠습니까?' is present on page 

2022-08-19 14:51:16 - [MESSAGE][PASSED] - Text '공지사항을 삭제하시겠습니까?' is present on page 

2022-08-19 14:51:16 - [TEST_STEP][PASSED] - click(findTestObject("Page_/button_저장2 알럿팝업 확인")): Object: 'Object Repository/Page_/button_저장2 알럿팝업 확인' is clicked on

2022-08-19 14:51:18 - [MESSAGE][PASSED] - Object: 'Object Repository/Page_/button_저장2 알럿팝업 확인' is clicked on

2022-08-19 14:51:18 - [TEST_STEP][PASSED] - verifyTextNotPresent("똑닥 진우 테스트 수정", false): Text '똑닥 진우 테스트 수정' is not present on page

2022-08-19 14:51:19 - [MESSAGE][PASSED] - Text '똑닥 진우 테스트 수정' is not present on page

2022-08-19 14:51:19 - [TEST_STEP][PASSED] - Start tear down : 브라우저종료: Method '브라우저종료' complete successfully

2022-08-19 14:51:19 - [TEST_STEP][PASSED] - closeBrowser(): Browser is closed

2022-08-19 14:51:20 - [MESSAGE][PASSED] - Browser is closed

2022-08-19 14:51:20 - [MESSAGE][PASSED] - Method '브라우저종료' complete successfully]]></system-out>
         <system-err><![CDATA[]]></system-err>
      </testcase>
      <system-out><![CDATA[2022-08-19 14:46:57 - [TEST_SUITE][PASSED] - 공지사항_추가, 조회, 수정, 삭제: Test Cases/병원 정보_병원 공지사항_삭제]]></system-out>
      <system-err><![CDATA[]]></system-err>
   </testsuite>
</testsuites>
